This is pdfTeX, Version 3.141592653-2.6-1.40.26 (TeX Live 2025/dev/Debian) (preloaded format=pdflatex 2025.5.25)  3 JUL 2025 00:44
entering extended mode
 restricted \write18 enabled.
 file:line:error style messages enabled.
 %&-line parsing enabled.
**/home/nithin/work/proposals/prowiz/ver3/infra/latex/sdd.tex
(/home/nithin/work/proposals/prowiz/ver3/infra/latex/sdd.tex
LaTeX2e <2024-11-01> patch level 2
L3 programming layer <2025-01-18>
(/usr/share/texlive/texmf-dist/tex/latex/base/report.cls
Document Class: report 2024/06/29 v1.4n Standard LaTeX document class
(/usr/share/texlive/texmf-dist/tex/latex/base/size12.clo
File: size12.clo 2024/06/29 v1.4n Standard LaTeX file (size option)
)
\c@part=\count196
\c@chapter=\count197
\c@section=\count198
\c@subsection=\count199
\c@subsubsection=\count266
\c@paragraph=\count267
\c@subparagraph=\count268
\c@figure=\count269
\c@table=\count270
\abovecaptionskip=\skip49
\belowcaptionskip=\skip50
\bibindent=\dimen141
) (/usr/share/texlive/texmf-dist/tex/latex/base/inputenc.sty
Package: inputenc 2024/02/08 v1.3d Input encoding file
\inpenc@prehook=\toks17
\inpenc@posthook=\toks18
) (/usr/share/texlive/texmf-dist/tex/latex/base/fontenc.sty
Package: fontenc 2021/04/29 v2.0v Standard LaTeX package
) (/usr/share/texlive/texmf-dist/tex/latex/hyperref/hyperref.sty
Package: hyperref 2024-11-05 v7.01l Hypertext links for LaTeX
 (/usr/share/texlive/texmf-dist/tex/generic/iftex/iftex.sty
Package: iftex 2024/12/12 v1.0g TeX engine tests
) (/usr/share/texlive/texmf-dist/tex/latex/graphics/keyval.sty
Package: keyval 2022/05/29 v1.15 key=value parser (DPC)
\KV@toks@=\toks19
) (/usr/share/texlive/texmf-dist/tex/latex/kvsetkeys/kvsetkeys.sty
Package: kvsetkeys 2022-10-05 v1.19 Key value parser (HO)
) (/usr/share/texlive/texmf-dist/tex/generic/kvdefinekeys/kvdefinekeys.sty
Package: kvdefinekeys 2019-12-19 v1.6 Define keys (HO)
) (/usr/share/texlive/texmf-dist/tex/generic/pdfescape/pdfescape.sty
Package: pdfescape 2019/12/09 v1.15 Implements pdfTeX's escape features (HO)
 (/usr/share/texlive/texmf-dist/tex/generic/ltxcmds/ltxcmds.sty
Package: ltxcmds 2023-12-04 v1.26 LaTeX kernel commands for general use (HO)
) (/usr/share/texlive/texmf-dist/tex/generic/pdftexcmds/pdftexcmds.sty
Package: pdftexcmds 2020-06-27 v0.33 Utility functions of pdfTeX for LuaTeX (HO)
 (/usr/share/texlive/texmf-dist/tex/generic/infwarerr/infwarerr.sty
Package: infwarerr 2019/12/03 v1.5 Providing info/warning/error messages (HO)
)
Package pdftexcmds Info: \pdf@primitive is available.
Package pdftexcmds Info: \pdf@ifprimitive is available.
Package pdftexcmds Info: \pdfdraftmode found.
)) (/usr/share/texlive/texmf-dist/tex/latex/hycolor/hycolor.sty
Package: hycolor 2020-01-27 v1.10 Color options for hyperref/bookmark (HO)
) (/usr/share/texlive/texmf-dist/tex/latex/hyperref/nameref.sty
Package: nameref 2023-11-26 v2.56 Cross-referencing by name of section
 (/usr/share/texlive/texmf-dist/tex/latex/refcount/refcount.sty
Package: refcount 2019/12/15 v3.6 Data extraction from label references (HO)
) (/usr/share/texlive/texmf-dist/tex/generic/gettitlestring/gettitlestring.sty
Package: gettitlestring 2019/12/15 v1.6 Cleanup title references (HO)
 (/usr/share/texlive/texmf-dist/tex/latex/kvoptions/kvoptions.sty
Package: kvoptions 2022-06-15 v3.15 Key value format for package options (HO)
))
\c@section@level=\count271
) (/usr/share/texlive/texmf-dist/tex/latex/etoolbox/etoolbox.sty
Package: etoolbox 2025/02/11 v2.5l e-TeX tools for LaTeX (JAW)
\etb@tempcnta=\count272
) (/usr/share/texlive/texmf-dist/tex/generic/stringenc/stringenc.sty
Package: stringenc 2019/11/29 v1.12 Convert strings between diff. encodings (HO)
)
\@linkdim=\dimen142
\Hy@linkcounter=\count273
\Hy@pagecounter=\count274
 (/usr/share/texlive/texmf-dist/tex/latex/hyperref/pd1enc.def
File: pd1enc.def 2024-11-05 v7.01l Hyperref: PDFDocEncoding definition (HO)
Now handling font encoding PD1 ...
... no UTF-8 mapping file for font encoding PD1
) (/usr/share/texlive/texmf-dist/tex/generic/intcalc/intcalc.sty
Package: intcalc 2019/12/15 v1.3 Expandable calculations with integers (HO)
)
\Hy@SavedSpaceFactor=\count275
 (/usr/share/texlive/texmf-dist/tex/latex/hyperref/puenc.def
File: puenc.def 2024-11-05 v7.01l Hyperref: PDF Unicode definition (HO)
Now handling font encoding PU ...
... no UTF-8 mapping file for font encoding PU
)
Package hyperref Info: Hyper figures OFF on input line 4157.
Package hyperref Info: Link nesting OFF on input line 4162.
Package hyperref Info: Hyper index ON on input line 4165.
Package hyperref Info: Plain pages OFF on input line 4172.
Package hyperref Info: Backreferencing OFF on input line 4177.
Package hyperref Info: Implicit mode ON; LaTeX internals redefined.
Package hyperref Info: Bookmarks ON on input line 4424.
\c@Hy@tempcnt=\count276
 (/usr/share/texlive/texmf-dist/tex/latex/url/url.sty
\Urlmuskip=\muskip17
Package: url 2013/09/16  ver 3.4  Verb mode for urls, etc.
)
LaTeX Info: Redefining \url on input line 4763.
\XeTeXLinkMargin=\dimen143
 (/usr/share/texlive/texmf-dist/tex/generic/bitset/bitset.sty
Package: bitset 2019/12/09 v1.3 Handle bit-vector datatype (HO)
 (/usr/share/texlive/texmf-dist/tex/generic/bigintcalc/bigintcalc.sty
Package: bigintcalc 2019/12/15 v1.5 Expandable calculations on big integers (HO)
))
\Fld@menulength=\count277
\Field@Width=\dimen144
\Fld@charsize=\dimen145
Package hyperref Info: Hyper figures OFF on input line 6042.
Package hyperref Info: Link nesting OFF on input line 6047.
Package hyperref Info: Hyper index ON on input line 6050.
Package hyperref Info: backreferencing OFF on input line 6057.
Package hyperref Info: Link coloring OFF on input line 6062.
Package hyperref Info: Link coloring with OCG OFF on input line 6067.
Package hyperref Info: PDF/A mode OFF on input line 6072.
 (/usr/share/texlive/texmf-dist/tex/latex/base/atbegshi-ltx.sty
Package: atbegshi-ltx 2021/01/10 v1.0c Emulation of the original atbegshi
package with kernel methods
)
\Hy@abspage=\count278
\c@Item=\count279
\c@Hfootnote=\count280
)
Package hyperref Info: Driver (autodetected): hpdftex.
 (/usr/share/texlive/texmf-dist/tex/latex/hyperref/hpdftex.def
File: hpdftex.def 2024-11-05 v7.01l Hyperref driver for pdfTeX
 (/usr/share/texlive/texmf-dist/tex/latex/base/atveryend-ltx.sty
Package: atveryend-ltx 2020/08/19 v1.0a Emulation of the original atveryend package
with kernel methods
)
\Fld@listcount=\count281
\c@bookmark@seq@number=\count282
 (/usr/share/texlive/texmf-dist/tex/latex/rerunfilecheck/rerunfilecheck.sty
Package: rerunfilecheck 2022-07-10 v1.10 Rerun checks for auxiliary files (HO)
 (/usr/share/texlive/texmf-dist/tex/generic/uniquecounter/uniquecounter.sty
Package: uniquecounter 2019/12/15 v1.4 Provide unlimited unique counter (HO)
)
Package uniquecounter Info: New unique counter `rerunfilecheck' on input line 285.
)
\Hy@SectionHShift=\skip51
) (/usr/share/texlive/texmf-dist/tex/latex/graphics/graphicx.sty
Package: graphicx 2021/09/16 v1.2d Enhanced LaTeX Graphics (DPC,SPQR)
 (/usr/share/texlive/texmf-dist/tex/latex/graphics/graphics.sty
Package: graphics 2024/08/06 v1.4g Standard LaTeX Graphics (DPC,SPQR)
 (/usr/share/texlive/texmf-dist/tex/latex/graphics/trig.sty
Package: trig 2023/12/02 v1.11 sin cos tan (DPC)
) (/usr/share/texlive/texmf-dist/tex/latex/graphics-cfg/graphics.cfg
File: graphics.cfg 2016/06/04 v1.11 sample graphics configuration
)
Package graphics Info: Driver file: pdftex.def on input line 106.
 (/usr/share/texlive/texmf-dist/tex/latex/graphics-def/pdftex.def
File: pdftex.def 2024/04/13 v1.2c Graphics/color driver for pdftex
))
\Gin@req@height=\dimen146
\Gin@req@width=\dimen147
) (/usr/share/texlive/texmf-dist/tex/latex/listings/listings.sty
\lst@mode=\count283
\lst@gtempboxa=\box52
\lst@token=\toks20
\lst@length=\count284
\lst@currlwidth=\dimen148
\lst@column=\count285
\lst@pos=\count286
\lst@lostspace=\dimen149
\lst@width=\dimen150
\lst@newlines=\count287
\lst@lineno=\count288
\lst@maxwidth=\dimen151
 (/usr/share/texlive/texmf-dist/tex/latex/listings/lstpatch.sty
File: lstpatch.sty 2024/09/23 1.10c (Carsten Heinz)
) (/usr/share/texlive/texmf-dist/tex/latex/listings/lstmisc.sty
File: lstmisc.sty 2024/09/23 1.10c (Carsten Heinz)
\c@lstnumber=\count289
\lst@skipnumbers=\count290
\lst@framebox=\box53
) (/usr/share/texlive/texmf-dist/tex/latex/listings/listings.cfg
File: listings.cfg 2024/09/23 1.10c listings configuration
))
Package: listings 2024/09/23 1.10c (Carsten Heinz)
 (/usr/share/texlive/texmf-dist/tex/latex/xcolor/xcolor.sty
Package: xcolor 2024/09/29 v3.02 LaTeX color extensions (UK)
 (/usr/share/texlive/texmf-dist/tex/latex/graphics-cfg/color.cfg
File: color.cfg 2016/01/02 v1.6 sample color configuration
)
Package xcolor Info: Driver file: pdftex.def on input line 274.
 (/usr/share/texlive/texmf-dist/tex/latex/graphics/mathcolor.ltx)
Package xcolor Info: Model `cmy' substituted by `cmy0' on input line 1349.
Package xcolor Info: Model `hsb' substituted by `rgb' on input line 1353.
Package xcolor Info: Model `RGB' extended on input line 1365.
Package xcolor Info: Model `HTML' substituted by `rgb' on input line 1367.
Package xcolor Info: Model `Hsb' substituted by `hsb' on input line 1368.
Package xcolor Info: Model `tHsb' substituted by `hsb' on input line 1369.
Package xcolor Info: Model `HSB' substituted by `hsb' on input line 1370.
Package xcolor Info: Model `Gray' substituted by `gray' on input line 1371.
Package xcolor Info: Model `wave' substituted by `hsb' on input line 1372.
) (/usr/share/texlive/texmf-dist/tex/latex/amsmath/amsmath.sty
Package: amsmath 2024/11/05 v2.17t AMS math features
\@mathmargin=\skip52

For additional information on amsmath, use the `?' option.
(/usr/share/texlive/texmf-dist/tex/latex/amsmath/amstext.sty
Package: amstext 2021/08/26 v2.01 AMS text
 (/usr/share/texlive/texmf-dist/tex/latex/amsmath/amsgen.sty
File: amsgen.sty 1999/11/30 v2.0 generic functions
\@emptytoks=\toks21
\ex@=\dimen152
)) (/usr/share/texlive/texmf-dist/tex/latex/amsmath/amsbsy.sty
Package: amsbsy 1999/11/29 v1.2d Bold Symbols
\pmbraise@=\dimen153
) (/usr/share/texlive/texmf-dist/tex/latex/amsmath/amsopn.sty
Package: amsopn 2022/04/08 v2.04 operator names
)
\inf@bad=\count291
LaTeX Info: Redefining \frac on input line 233.
\uproot@=\count292
\leftroot@=\count293
LaTeX Info: Redefining \overline on input line 398.
LaTeX Info: Redefining \colon on input line 409.
\classnum@=\count294
\DOTSCASE@=\count295
LaTeX Info: Redefining \ldots on input line 495.
LaTeX Info: Redefining \dots on input line 498.
LaTeX Info: Redefining \cdots on input line 619.
\Mathstrutbox@=\box54
\strutbox@=\box55
LaTeX Info: Redefining \big on input line 721.
LaTeX Info: Redefining \Big on input line 722.
LaTeX Info: Redefining \bigg on input line 723.
LaTeX Info: Redefining \Bigg on input line 724.
\big@size=\dimen154
LaTeX Font Info:    Redeclaring font encoding OML on input line 742.
LaTeX Font Info:    Redeclaring font encoding OMS on input line 743.
\macc@depth=\count296
LaTeX Info: Redefining \bmod on input line 904.
LaTeX Info: Redefining \pmod on input line 909.
LaTeX Info: Redefining \smash on input line 939.
LaTeX Info: Redefining \relbar on input line 969.
LaTeX Info: Redefining \Relbar on input line 970.
\c@MaxMatrixCols=\count297
\dotsspace@=\muskip18
\c@parentequation=\count298
\dspbrk@lvl=\count299
\tag@help=\toks22
\row@=\count300
\column@=\count301
\maxfields@=\count302
\andhelp@=\toks23
\eqnshift@=\dimen155
\alignsep@=\dimen156
\tagshift@=\dimen157
\tagwidth@=\dimen158
\totwidth@=\dimen159
\lineht@=\dimen160
\@envbody=\toks24
\multlinegap=\skip53
\multlinetaggap=\skip54
\mathdisplay@stack=\toks25
LaTeX Info: Redefining \[ on input line 2953.
LaTeX Info: Redefining \] on input line 2954.
) (/usr/share/texlive/texmf-dist/tex/latex/geometry/geometry.sty
Package: geometry 2020/01/02 v5.9 Page Geometry
 (/usr/share/texlive/texmf-dist/tex/generic/iftex/ifvtex.sty
Package: ifvtex 2019/10/25 v1.7 ifvtex legacy package. Use iftex instead.
)
\Gm@cnth=\count303
\Gm@cntv=\count304
\c@Gm@tempcnt=\count305
\Gm@bindingoffset=\dimen161
\Gm@wd@mp=\dimen162
\Gm@odd@mp=\dimen163
\Gm@even@mp=\dimen164
\Gm@layoutwidth=\dimen165
\Gm@layoutheight=\dimen166
\Gm@layouthoffset=\dimen167
\Gm@layoutvoffset=\dimen168
\Gm@dimlist=\toks26
) (/usr/share/texlive/texmf-dist/tex/latex/parskip/parskip.sty
Package: parskip 2021-03-14 v2.0h non-zero parskip adjustments
) (/usr/share/texlive/texmf-dist/tex/latex/fancyhdr/fancyhdr.sty
Package: fancyhdr 2025/02/07 v5.2 Extensive control of page headers and footers
\f@nch@headwidth=\skip55
\f@nch@offset@elh=\skip56
\f@nch@offset@erh=\skip57
\f@nch@offset@olh=\skip58
\f@nch@offset@orh=\skip59
\f@nch@offset@elf=\skip60
\f@nch@offset@erf=\skip61
\f@nch@offset@olf=\skip62
\f@nch@offset@orf=\skip63
\f@nch@height=\skip64
\f@nch@footalignment=\skip65
\f@nch@widthL=\skip66
\f@nch@widthC=\skip67
\f@nch@widthR=\skip68
\@temptokenb=\toks27
) (/usr/share/texlive/texmf-dist/tex/latex/lastpage/lastpage.sty
Package: lastpage 2025/01/27 v2.1e lastpage: 2.09 or 2e? (HMM)
 (/usr/share/texlive/texmf-dist/tex/latex/lastpage/lastpage2e.sty
Package: lastpage2e 2025/01/27 v2.1e Decide which 2e lastpage version to use (HMM)
 (/usr/share/texlive/texmf-dist/tex/latex/lastpage/lastpagemodern.sty
Package: lastpagemodern 2025-01-27 v2.1e Refers to last page's name (HMM; JPG)
\c@lastpagecount=\count306
) 
)) (/usr/share/texlive/texmf-dist/tex/latex/base/textcomp.sty
Package: textcomp 2024/04/24 v2.1b Standard LaTeX package
) (/usr/share/texlive/texmf-dist/tex/latex/booktabs/booktabs.sty
Package: booktabs 2020/01/12 v1.61803398 Publication quality tables
\heavyrulewidth=\dimen169
\lightrulewidth=\dimen170
\cmidrulewidth=\dimen171
\belowrulesep=\dimen172
\belowbottomsep=\dimen173
\aboverulesep=\dimen174
\abovetopsep=\dimen175
\cmidrulesep=\dimen176
\cmidrulekern=\dimen177
\defaultaddspace=\dimen178
\@cmidla=\count307
\@cmidlb=\count308
\@aboverulesep=\dimen179
\@belowrulesep=\dimen180
\@thisruleclass=\count309
\@lastruleclass=\count310
\@thisrulewidth=\dimen181
) (/usr/share/texlive/texmf-dist/tex/latex/amsfonts/amssymb.sty
Package: amssymb 2013/01/14 v3.01 AMS font symbols
 (/usr/share/texlive/texmf-dist/tex/latex/amsfonts/amsfonts.sty
Package: amsfonts 2013/01/14 v3.01 Basic AMSFonts support
\symAMSa=\mathgroup4
\symAMSb=\mathgroup5
LaTeX Font Info:    Redeclaring math symbol \hbar on input line 98.
LaTeX Font Info:    Overwriting math alphabet `\mathfrak' in version `bold'
(Font)                  U/euf/m/n --> U/euf/b/n on input line 106.
)) (/usr/share/texlive/texmf-dist/tex/latex/float/float.sty
Package: float 2001/11/08 v1.3d Float enhancements (AL)
\c@float@type=\count311
\float@exts=\toks28
\float@box=\box56
\@float@everytoks=\toks29
\@floatcapt=\box57
) (/usr/share/texlive/texmf-dist/tex/latex/draftwatermark/draftwatermark.sty
Package: draftwatermark 2024/03/04 3.3 Put a gray textual watermark on document pages
) (/usr/share/texlive/texmf-dist/tex/latex/l3backend/l3backend-pdftex.def
File: l3backend-pdftex.def 2024-05-08 L3 backend support: PDF output (pdfTeX)
\l__color_backend_stack_int=\count312
\l__pdf_internal_box=\box58
) (./sdd.aux)
\openout1 = `sdd.aux'.

LaTeX Font Info:    Checking defaults for OML/cmm/m/it on input line 90.
LaTeX Font Info:    ... okay on input line 90.
LaTeX Font Info:    Checking defaults for OMS/cmsy/m/n on input line 90.
LaTeX Font Info:    ... okay on input line 90.
LaTeX Font Info:    Checking defaults for OT1/cmr/m/n on input line 90.
LaTeX Font Info:    ... okay on input line 90.
LaTeX Font Info:    Checking defaults for T1/cmr/m/n on input line 90.
LaTeX Font Info:    ... okay on input line 90.
LaTeX Font Info:    Checking defaults for TS1/cmr/m/n on input line 90.
LaTeX Font Info:    ... okay on input line 90.
LaTeX Font Info:    Checking defaults for OMX/cmex/m/n on input line 90.
LaTeX Font Info:    ... okay on input line 90.
LaTeX Font Info:    Checking defaults for U/cmr/m/n on input line 90.
LaTeX Font Info:    ... okay on input line 90.
LaTeX Font Info:    Checking defaults for PD1/pdf/m/n on input line 90.
LaTeX Font Info:    ... okay on input line 90.
LaTeX Font Info:    Checking defaults for PU/pdf/m/n on input line 90.
LaTeX Font Info:    ... okay on input line 90.
Package hyperref Info: Link coloring OFF on input line 90.
 (./sdd.out) (./sdd.out)
\@outlinefile=\write3
\openout3 = `sdd.out'.

 (/usr/share/texlive/texmf-dist/tex/context/base/mkii/supp-pdf.mkii
[Loading MPS to PDF converter (version 2006.09.02).]
\scratchcounter=\count313
\scratchdimen=\dimen182
\scratchbox=\box59
\nofMPsegments=\count314
\nofMParguments=\count315
\everyMPshowfont=\toks30
\MPscratchCnt=\count316
\MPscratchDim=\dimen183
\MPnumerator=\count317
\makeMPintoPDFobject=\count318
\everyMPtoPDFconversion=\toks31
) (/usr/share/texlive/texmf-dist/tex/latex/epstopdf-pkg/epstopdf-base.sty
Package: epstopdf-base 2020-01-24 v2.11 Base part for package epstopdf
Package epstopdf-base Info: Redefining graphics rule for `.eps' on input line 485.
 (/usr/share/texlive/texmf-dist/tex/latex/latexconfig/epstopdf-sys.cfg
File: epstopdf-sys.cfg 2010/07/13 v1.3 Configuration of (r)epstopdf for TeX Live
))
\c@lstlisting=\count319

*geometry* driver: auto-detecting
*geometry* detected driver: pdftex
*geometry* verbose mode - [ preamble ] result:
* driver: pdftex
* paper: <default>
* layout: <same size as paper>
* layoutoffset:(h,v)=(0.0pt,0.0pt)
* modes: 
* h-part:(L,W,R)=(72.26999pt, 469.75502pt, 72.26999pt)
* v-part:(T,H,B)=(72.26999pt, 650.43001pt, 72.26999pt)
* \paperwidth=614.295pt
* \paperheight=794.96999pt
* \textwidth=469.75502pt
* \textheight=650.43001pt
* \oddsidemargin=0.0pt
* \evensidemargin=0.0pt
* \topmargin=-37.0pt
* \headheight=12.0pt
* \headsep=25.0pt
* \topskip=12.0pt
* \footskip=30.0pt
* \marginparwidth=44.0pt
* \marginparsep=10.0pt
* \columnsep=10.0pt
* \skip\footins=10.8pt plus 4.0pt minus 2.0pt
* \hoffset=0.0pt
* \voffset=0.0pt
* \mag=1000
* \@twocolumnfalse
* \@twosidefalse
* \@mparswitchfalse
* \@reversemarginfalse
* (1in=72.27pt=25.4mm, 1cm=28.453pt)

<../../pics/logo.png, id=486, 282.3348pt x 269.808pt>
File: ../../pics/logo.png Graphic file (type png)
<use ../../pics/logo.png>
Package pdftex.def Info: ../../pics/logo.png  used on input line 95.
(pdftex.def)             Requested size: 170.71652pt x 163.14171pt.
LaTeX Font Info:    Trying to load font information for U+msa on input line 95.
(/usr/share/texlive/texmf-dist/tex/latex/amsfonts/umsa.fd
File: umsa.fd 2013/01/14 v3.01 AMS symbols A
)
LaTeX Font Info:    Trying to load font information for U+msb on input line 95.
 (/usr/share/texlive/texmf-dist/tex/latex/amsfonts/umsb.fd
File: umsb.fd 2013/01/14 v3.01 AMS symbols B
)


LaTeX Font Warning: Font shape `T1/cmr/m/n' in size <153.57375> not available
(Font)              size <35.83> substituted on input line 95.

[1{/var/lib/texmf/fonts/map/pdftex/updmap/pdftex.map}{/usr/share/texmf/fonts/enc/dvips/cm-super/cm-super-t1.enc}

 <../../pics/logo.png>]


pdfTeX warning (ext4): destination with the same identifier (name{page.1}) has been already used, duplicate ignored
<to be read again> 
                   \relax 
l.111 \newpage
               [1] (./sdd.toc

[2

]

File: ../../pics/logo.png Graphic file (type png)
<use ../../pics/logo.png>
Package pdftex.def Info: ../../pics/logo.png  used on input line 77.
(pdftex.def)             Requested size: 23.81503pt x 22.76228pt.

Package fancyhdr Warning: \headheight is too small (12.0pt): 
(fancyhdr)                Make it at least 27.11232pt, for example:
(fancyhdr)                \setlength{\headheight}{27.11232pt}.
(fancyhdr)                You might also make \topmargin smaller:
(fancyhdr)                \addtolength{\topmargin}{-15.11232pt}.

[3]

File: ../../pics/logo.png Graphic file (type png)
<use ../../pics/logo.png>
Package pdftex.def Info: ../../pics/logo.png  used on input line 142.
(pdftex.def)             Requested size: 23.81503pt x 22.76228pt.

Package fancyhdr Warning: \headheight is too small (12.0pt): 
(fancyhdr)                Make it at least 27.11232pt, for example:
(fancyhdr)                \setlength{\headheight}{27.11232pt}.
(fancyhdr)                You might also make \topmargin smaller:
(fancyhdr)                \addtolength{\topmargin}{-15.11232pt}.

[4])
\tf@toc=\write4
\openout4 = `sdd.toc'.



File: ../../pics/logo.png Graphic file (type png)
<use ../../pics/logo.png>
Package pdftex.def Info: ../../pics/logo.png  used on input line 116.
(pdftex.def)             Requested size: 23.81503pt x 22.76228pt.

Package fancyhdr Warning: \headheight is too small (12.0pt): 
(fancyhdr)                Make it at least 27.11232pt, for example:
(fancyhdr)                \setlength{\headheight}{27.11232pt}.
(fancyhdr)                You might also make \topmargin smaller:
(fancyhdr)                \addtolength{\topmargin}{-15.11232pt}.

[5]
Chapter 1.


[6


{/usr/share/texmf/fonts/enc/dvips/cm-super/cm-super-ts1.enc}]

File: ../../pics/logo.png Graphic file (type png)
<use ../../pics/logo.png>
Package pdftex.def Info: ../../pics/logo.png  used on input line 140.
(pdftex.def)             Requested size: 23.81503pt x 22.76228pt.

Package fancyhdr Warning: \headheight is too small (12.0pt): 
(fancyhdr)                Make it at least 27.11232pt, for example:
(fancyhdr)                \setlength{\headheight}{27.11232pt}.
(fancyhdr)                You might also make \topmargin smaller:
(fancyhdr)                \addtolength{\topmargin}{-15.11232pt}.

[7]
Chapter 2.
<../../pics/flow.png, id=660, 2376.88pt x 1033.8625pt>
File: ../../pics/flow.png Graphic file (type png)
<use ../../pics/flow.png>
Package pdftex.def Info: ../../pics/flow.png  used on input line 149.
(pdftex.def)             Requested size: 469.74602pt x 204.32364pt.


[8


pdfTeX warning (ext4): destination with the same identifier (name{figure.2.1}) has been already used, duplicate ignored
<argument> ...shipout:D \box_use:N \l_shipout_box 
                                                  \__shipout_drop_firstpage_...
l.157 \subsubsection
                    {API Gateway \& Orchestrator} <../../pics/flow.png>]
Overfull \hbox (0.7673pt too wide) in paragraph at lines 176--177
[]\T1/cmr/bx/n/12 Embedding Ser-vice & Vec-tor DB\T1/cmr/m/n/12 : Se-man-tic search us-ing Fais-s/Q-drant with project
 []



File: ../../pics/logo.png Graphic file (type png)
<use ../../pics/logo.png>
Package pdftex.def Info: ../../pics/logo.png  used on input line 182.
(pdftex.def)             Requested size: 23.81503pt x 22.76228pt.

Package fancyhdr Warning: \headheight is too small (12.0pt): 
(fancyhdr)                Make it at least 27.11232pt, for example:
(fancyhdr)                \setlength{\headheight}{27.11232pt}.
(fancyhdr)                You might also make \topmargin smaller:
(fancyhdr)                \addtolength{\topmargin}{-15.11232pt}.

[9]
Chapter 3.
<../../pics/compliance.png, id=675, 2376.88pt x 299.1175pt>
File: ../../pics/compliance.png Graphic file (type png)
<use ../../pics/compliance.png>
Package pdftex.def Info: ../../pics/compliance.png  used on input line 188.
(pdftex.def)             Requested size: 469.74602pt x 59.11499pt.


[10


pdfTeX warning (ext4): destination with the same identifier (name{figure.3.1}) has been already used, duplicate ignored
<argument> ...shipout:D \box_use:N \l_shipout_box 
                                                  \__shipout_drop_firstpage_...
l.207     \end{itemize}
                        <../../pics/compliance.png>]

File: ../../pics/logo.png Graphic file (type png)
<use ../../pics/logo.png>
Package pdftex.def Info: ../../pics/logo.png  used on input line 246.
(pdftex.def)             Requested size: 23.81503pt x 22.76228pt.

Package fancyhdr Warning: \headheight is too small (12.0pt): 
(fancyhdr)                Make it at least 27.11232pt, for example:
(fancyhdr)                \setlength{\headheight}{27.11232pt}.
(fancyhdr)                You might also make \topmargin smaller:
(fancyhdr)                \addtolength{\topmargin}{-15.11232pt}.

[11]
Overfull \hbox (2.68542pt too wide) in paragraph at lines 250--251
[]\T1/cmr/bx/n/12 Code Lookup Ser-vice\T1/cmr/m/n/12 : In-ter-faces with reg-u-la-tory codes and stan-dards databases 
 []



File: ../../pics/logo.png Graphic file (type png)
<use ../../pics/logo.png>
Package pdftex.def Info: ../../pics/logo.png  used on input line 286.
(pdftex.def)             Requested size: 23.81503pt x 22.76228pt.

Package fancyhdr Warning: \headheight is too small (12.0pt): 
(fancyhdr)                Make it at least 27.11232pt, for example:
(fancyhdr)                \setlength{\headheight}{27.11232pt}.
(fancyhdr)                You might also make \topmargin smaller:
(fancyhdr)                \addtolength{\topmargin}{-15.11232pt}.

[12]

File: ../../pics/logo.png Graphic file (type png)
<use ../../pics/logo.png>
Package pdftex.def Info: ../../pics/logo.png  used on input line 331.
(pdftex.def)             Requested size: 23.81503pt x 22.76228pt.

Package fancyhdr Warning: \headheight is too small (12.0pt): 
(fancyhdr)                Make it at least 27.11232pt, for example:
(fancyhdr)                \setlength{\headheight}{27.11232pt}.
(fancyhdr)                You might also make \topmargin smaller:
(fancyhdr)                \addtolength{\topmargin}{-15.11232pt}.

[13]

File: ../../pics/logo.png Graphic file (type png)
<use ../../pics/logo.png>
Package pdftex.def Info: ../../pics/logo.png  used on input line 333.
(pdftex.def)             Requested size: 23.81503pt x 22.76228pt.

Package fancyhdr Warning: \headheight is too small (12.0pt): 
(fancyhdr)                Make it at least 27.11232pt, for example:
(fancyhdr)                \setlength{\headheight}{27.11232pt}.
(fancyhdr)                You might also make \topmargin smaller:
(fancyhdr)                \addtolength{\topmargin}{-15.11232pt}.

[14]
Chapter 4.
<../../pics/doc-generation.png, id=710, 2376.88pt x 407.5225pt>
File: ../../pics/doc-generation.png Graphic file (type png)
<use ../../pics/doc-generation.png>
Package pdftex.def Info: ../../pics/doc-generation.png  used on input line 339.
(pdftex.def)             Requested size: 469.74602pt x 80.53922pt.


[15


pdfTeX warning (ext4): destination with the same identifier (name{figure.4.1}) has been already used, duplicate ignored
<argument> ...shipout:D \box_use:N \l_shipout_box 
                                                  \__shipout_drop_firstpage_...
l.356 \end{itemize}
                    <../../pics/doc-generation.png>]

File: ../../pics/logo.png Graphic file (type png)
<use ../../pics/logo.png>
Package pdftex.def Info: ../../pics/logo.png  used on input line 396.
(pdftex.def)             Requested size: 23.81503pt x 22.76228pt.

Package fancyhdr Warning: \headheight is too small (12.0pt): 
(fancyhdr)                Make it at least 27.11232pt, for example:
(fancyhdr)                \setlength{\headheight}{27.11232pt}.
(fancyhdr)                You might also make \topmargin smaller:
(fancyhdr)                \addtolength{\topmargin}{-15.11232pt}.

[16]

File: ../../pics/logo.png Graphic file (type png)
<use ../../pics/logo.png>
Package pdftex.def Info: ../../pics/logo.png  used on input line 440.
(pdftex.def)             Requested size: 23.81503pt x 22.76228pt.

Package fancyhdr Warning: \headheight is too small (12.0pt): 
(fancyhdr)                Make it at least 27.11232pt, for example:
(fancyhdr)                \setlength{\headheight}{27.11232pt}.
(fancyhdr)                You might also make \topmargin smaller:
(fancyhdr)                \addtolength{\topmargin}{-15.11232pt}.

[17]

File: ../../pics/logo.png Graphic file (type png)
<use ../../pics/logo.png>
Package pdftex.def Info: ../../pics/logo.png  used on input line 471.
(pdftex.def)             Requested size: 23.81503pt x 22.76228pt.

Package fancyhdr Warning: \headheight is too small (12.0pt): 
(fancyhdr)                Make it at least 27.11232pt, for example:
(fancyhdr)                \setlength{\headheight}{27.11232pt}.
(fancyhdr)                You might also make \topmargin smaller:
(fancyhdr)                \addtolength{\topmargin}{-15.11232pt}.

[18]
Chapter 5.
<../../pics/diagram-parser.png, id=756, 2376.88pt x 411.5375pt>
File: ../../pics/diagram-parser.png Graphic file (type png)
<use ../../pics/diagram-parser.png>
Package pdftex.def Info: ../../pics/diagram-parser.png  used on input line 477.
(pdftex.def)             Requested size: 469.74602pt x 81.3327pt.


[19


pdfTeX warning (ext4): destination with the same identifier (name{figure.5.1}) has been already used, duplicate ignored
<argument> ...shipout:D \box_use:N \l_shipout_box 
                                                  \__shipout_drop_firstpage_...
l.494       \item S
                   ymbol detection using advanced computer vision algorithms <../../pics/diagram-parser.png>]

File: ../../pics/logo.png Graphic file (type png)
<use ../../pics/logo.png>
Package pdftex.def Info: ../../pics/logo.png  used on input line 536.
(pdftex.def)             Requested size: 23.81503pt x 22.76228pt.

Package fancyhdr Warning: \headheight is too small (12.0pt): 
(fancyhdr)                Make it at least 27.11232pt, for example:
(fancyhdr)                \setlength{\headheight}{27.11232pt}.
(fancyhdr)                You might also make \topmargin smaller:
(fancyhdr)                \addtolength{\topmargin}{-15.11232pt}.

[20]

File: ../../pics/logo.png Graphic file (type png)
<use ../../pics/logo.png>
Package pdftex.def Info: ../../pics/logo.png  used on input line 570.
(pdftex.def)             Requested size: 23.81503pt x 22.76228pt.

Package fancyhdr Warning: \headheight is too small (12.0pt): 
(fancyhdr)                Make it at least 27.11232pt, for example:
(fancyhdr)                \setlength{\headheight}{27.11232pt}.
(fancyhdr)                You might also make \topmargin smaller:
(fancyhdr)                \addtolength{\topmargin}{-15.11232pt}.

[21]

File: ../../pics/logo.png Graphic file (type png)
<use ../../pics/logo.png>
Package pdftex.def Info: ../../pics/logo.png  used on input line 618.
(pdftex.def)             Requested size: 23.81503pt x 22.76228pt.

Package fancyhdr Warning: \headheight is too small (12.0pt): 
(fancyhdr)                Make it at least 27.11232pt, for example:
(fancyhdr)                \setlength{\headheight}{27.11232pt}.
(fancyhdr)                You might also make \topmargin smaller:
(fancyhdr)                \addtolength{\topmargin}{-15.11232pt}.

[22]

File: ../../pics/logo.png Graphic file (type png)
<use ../../pics/logo.png>
Package pdftex.def Info: ../../pics/logo.png  used on input line 655.
(pdftex.def)             Requested size: 23.81503pt x 22.76228pt.

Package fancyhdr Warning: \headheight is too small (12.0pt): 
(fancyhdr)                Make it at least 27.11232pt, for example:
(fancyhdr)                \setlength{\headheight}{27.11232pt}.
(fancyhdr)                You might also make \topmargin smaller:
(fancyhdr)                \addtolength{\topmargin}{-15.11232pt}.

[23]

File: ../../pics/logo.png Graphic file (type png)
<use ../../pics/logo.png>
Package pdftex.def Info: ../../pics/logo.png  used on input line 661.
(pdftex.def)             Requested size: 23.81503pt x 22.76228pt.

Package fancyhdr Warning: \headheight is too small (12.0pt): 
(fancyhdr)                Make it at least 27.11232pt, for example:
(fancyhdr)                \setlength{\headheight}{27.11232pt}.
(fancyhdr)                You might also make \topmargin smaller:
(fancyhdr)                \addtolength{\topmargin}{-15.11232pt}.

[24]
Chapter 6.
<../../pics/email-agent.png, id=797, 2376.88pt x 142.5325pt>
File: ../../pics/email-agent.png Graphic file (type png)
<use ../../pics/email-agent.png>
Package pdftex.def Info: ../../pics/email-agent.png  used on input line 667.
(pdftex.def)             Requested size: 469.74602pt x 28.16888pt.


[25


pdfTeX warning (ext4): destination with the same identifier (name{figure.6.1}) has been already used, duplicate ignored
<argument> ...shipout:D \box_use:N \l_shipout_box 
                                                  \__shipout_drop_firstpage_...
l.687       \item C
                   ontext-aware classification using ML models <../../pics/email-agent.png>]

File: ../../pics/logo.png Graphic file (type png)
<use ../../pics/logo.png>
Package pdftex.def Info: ../../pics/logo.png  used on input line 733.
(pdftex.def)             Requested size: 23.81503pt x 22.76228pt.

Package fancyhdr Warning: \headheight is too small (12.0pt): 
(fancyhdr)                Make it at least 27.11232pt, for example:
(fancyhdr)                \setlength{\headheight}{27.11232pt}.
(fancyhdr)                You might also make \topmargin smaller:
(fancyhdr)                \addtolength{\topmargin}{-15.11232pt}.

[26]

File: ../../pics/logo.png Graphic file (type png)
<use ../../pics/logo.png>
Package pdftex.def Info: ../../pics/logo.png  used on input line 777.
(pdftex.def)             Requested size: 23.81503pt x 22.76228pt.

Package fancyhdr Warning: \headheight is too small (12.0pt): 
(fancyhdr)                Make it at least 27.11232pt, for example:
(fancyhdr)                \setlength{\headheight}{27.11232pt}.
(fancyhdr)                You might also make \topmargin smaller:
(fancyhdr)                \addtolength{\topmargin}{-15.11232pt}.

[27]

File: ../../pics/logo.png Graphic file (type png)
<use ../../pics/logo.png>
Package pdftex.def Info: ../../pics/logo.png  used on input line 820.
(pdftex.def)             Requested size: 23.81503pt x 22.76228pt.

Package fancyhdr Warning: \headheight is too small (12.0pt): 
(fancyhdr)                Make it at least 27.11232pt, for example:
(fancyhdr)                \setlength{\headheight}{27.11232pt}.
(fancyhdr)                You might also make \topmargin smaller:
(fancyhdr)                \addtolength{\topmargin}{-15.11232pt}.

[28]

File: ../../pics/logo.png Graphic file (type png)
<use ../../pics/logo.png>
Package pdftex.def Info: ../../pics/logo.png  used on input line 822.
(pdftex.def)             Requested size: 23.81503pt x 22.76228pt.

Package fancyhdr Warning: \headheight is too small (12.0pt): 
(fancyhdr)                Make it at least 27.11232pt, for example:
(fancyhdr)                \setlength{\headheight}{27.11232pt}.
(fancyhdr)                You might also make \topmargin smaller:
(fancyhdr)                \addtolength{\topmargin}{-15.11232pt}.

[29]
Chapter 7.
<../../pics/erp-chat.png, id=830, 2376.88pt x 533.995pt>
File: ../../pics/erp-chat.png Graphic file (type png)
<use ../../pics/erp-chat.png>
Package pdftex.def Info: ../../pics/erp-chat.png  used on input line 828.
(pdftex.def)             Requested size: 469.74602pt x 105.53415pt.


[30


pdfTeX warning (ext4): destination with the same identifier (name{figure.7.1}) has been already used, duplicate ignored
<argument> ...shipout:D \box_use:N \l_shipout_box 
                                                  \__shipout_drop_firstpage_...
l.845       \item E
                   quipment identification and mapping (e.g., Pump-101 to va... <../../pics/erp-chat.png>]

File: ../../pics/logo.png Graphic file (type png)
<use ../../pics/logo.png>
Package pdftex.def Info: ../../pics/logo.png  used on input line 887.
(pdftex.def)             Requested size: 23.81503pt x 22.76228pt.

Package fancyhdr Warning: \headheight is too small (12.0pt): 
(fancyhdr)                Make it at least 27.11232pt, for example:
(fancyhdr)                \setlength{\headheight}{27.11232pt}.
(fancyhdr)                You might also make \topmargin smaller:
(fancyhdr)                \addtolength{\topmargin}{-15.11232pt}.

[31]

File: ../../pics/logo.png Graphic file (type png)
<use ../../pics/logo.png>
Package pdftex.def Info: ../../pics/logo.png  used on input line 934.
(pdftex.def)             Requested size: 23.81503pt x 22.76228pt.

Package fancyhdr Warning: \headheight is too small (12.0pt): 
(fancyhdr)                Make it at least 27.11232pt, for example:
(fancyhdr)                \setlength{\headheight}{27.11232pt}.
(fancyhdr)                You might also make \topmargin smaller:
(fancyhdr)                \addtolength{\topmargin}{-15.11232pt}.

[32]

File: ../../pics/logo.png Graphic file (type png)
<use ../../pics/logo.png>
Package pdftex.def Info: ../../pics/logo.png  used on input line 972.
(pdftex.def)             Requested size: 23.81503pt x 22.76228pt.

Package fancyhdr Warning: \headheight is too small (12.0pt): 
(fancyhdr)                Make it at least 27.11232pt, for example:
(fancyhdr)                \setlength{\headheight}{27.11232pt}.
(fancyhdr)                You might also make \topmargin smaller:
(fancyhdr)                \addtolength{\topmargin}{-15.11232pt}.

[33]
Chapter 8.
<../../pics/arch.png, id=860, 2376.88pt x 1383.1675pt>
File: ../../pics/arch.png Graphic file (type png)
<use ../../pics/arch.png>
Package pdftex.def Info: ../../pics/arch.png  used on input line 983.
(pdftex.def)             Requested size: 469.74602pt x 273.35725pt.


[34

]

File: ../../pics/logo.png Graphic file (type png)
<use ../../pics/logo.png>
Package pdftex.def Info: ../../pics/logo.png  used on input line 1026.
(pdftex.def)             Requested size: 23.81503pt x 22.76228pt.

Package fancyhdr Warning: \headheight is too small (12.0pt): 
(fancyhdr)                Make it at least 27.11232pt, for example:
(fancyhdr)                \setlength{\headheight}{27.11232pt}.
(fancyhdr)                You might also make \topmargin smaller:
(fancyhdr)                \addtolength{\topmargin}{-15.11232pt}.

[35
pdfTeX warning (ext4): destination with the same identifier (name{figure.8.1}) has been already used, duplicate ignored
<argument> ...shipout:D \box_use:N \l_shipout_box 
                                                  \__shipout_drop_firstpage_...
l.1026   \item \textbf
                      {Rolling Updates}: Zero-downtime deployments with grad... <../../pics/arch.png>]

File: ../../pics/logo.png Graphic file (type png)
<use ../../pics/logo.png>
Package pdftex.def Info: ../../pics/logo.png  used on input line 1068.
(pdftex.def)             Requested size: 23.81503pt x 22.76228pt.

Package fancyhdr Warning: \headheight is too small (12.0pt): 
(fancyhdr)                Make it at least 27.11232pt, for example:
(fancyhdr)                \setlength{\headheight}{27.11232pt}.
(fancyhdr)                You might also make \topmargin smaller:
(fancyhdr)                \addtolength{\topmargin}{-15.11232pt}.

[36]

File: ../../pics/logo.png Graphic file (type png)
<use ../../pics/logo.png>
Package pdftex.def Info: ../../pics/logo.png  used on input line 1107.
(pdftex.def)             Requested size: 23.81503pt x 22.76228pt.

Package fancyhdr Warning: \headheight is too small (12.0pt): 
(fancyhdr)                Make it at least 27.11232pt, for example:
(fancyhdr)                \setlength{\headheight}{27.11232pt}.
(fancyhdr)                You might also make \topmargin smaller:
(fancyhdr)                \addtolength{\topmargin}{-15.11232pt}.

[37]

File: ../../pics/logo.png Graphic file (type png)
<use ../../pics/logo.png>
Package pdftex.def Info: ../../pics/logo.png  used on input line 1151.
(pdftex.def)             Requested size: 23.81503pt x 22.76228pt.

Package fancyhdr Warning: \headheight is too small (12.0pt): 
(fancyhdr)                Make it at least 27.11232pt, for example:
(fancyhdr)                \setlength{\headheight}{27.11232pt}.
(fancyhdr)                You might also make \topmargin smaller:
(fancyhdr)                \addtolength{\topmargin}{-15.11232pt}.

[38]

File: ../../pics/logo.png Graphic file (type png)
<use ../../pics/logo.png>
Package pdftex.def Info: ../../pics/logo.png  used on input line 1156.
(pdftex.def)             Requested size: 23.81503pt x 22.76228pt.

Package fancyhdr Warning: \headheight is too small (12.0pt): 
(fancyhdr)                Make it at least 27.11232pt, for example:
(fancyhdr)                \setlength{\headheight}{27.11232pt}.
(fancyhdr)                You might also make \topmargin smaller:
(fancyhdr)                \addtolength{\topmargin}{-15.11232pt}.

[39]
Chapter 9.


[40

]

File: ../../pics/logo.png Graphic file (type png)
<use ../../pics/logo.png>
Package pdftex.def Info: ../../pics/logo.png  used on input line 1205.
(pdftex.def)             Requested size: 23.81503pt x 22.76228pt.

Package fancyhdr Warning: \headheight is too small (12.0pt): 
(fancyhdr)                Make it at least 27.11232pt, for example:
(fancyhdr)                \setlength{\headheight}{27.11232pt}.
(fancyhdr)                You might also make \topmargin smaller:
(fancyhdr)                \addtolength{\topmargin}{-15.11232pt}.

[41]

File: ../../pics/logo.png Graphic file (type png)
<use ../../pics/logo.png>
Package pdftex.def Info: ../../pics/logo.png  used on input line 1212.
(pdftex.def)             Requested size: 23.81503pt x 22.76228pt.

Package fancyhdr Warning: \headheight is too small (12.0pt): 
(fancyhdr)                Make it at least 27.11232pt, for example:
(fancyhdr)                \setlength{\headheight}{27.11232pt}.
(fancyhdr)                You might also make \topmargin smaller:
(fancyhdr)                \addtolength{\topmargin}{-15.11232pt}.

[42]
Chapter 10.
<../../pics/Infra.png, id=907, 2376.88pt x 564.1075pt>
File: ../../pics/Infra.png Graphic file (type png)
<use ../../pics/Infra.png>
Package pdftex.def Info: ../../pics/Infra.png  used on input line 1218.
(pdftex.def)             Requested size: 469.74602pt x 111.48532pt.


[43


pdfTeX warning (ext4): destination with the same identifier (name{figure.10.1}) has been already used, duplicate ignored
<argument> ...shipout:D \box_use:N \l_shipout_box 
                                                  \__shipout_drop_firstpage_...
l.1237   \item \textbf
                      {Purpose}: General application workloads, API gateways... <../../pics/Infra.png>]

File: ../../pics/logo.png Graphic file (type png)
<use ../../pics/logo.png>
Package pdftex.def Info: ../../pics/logo.png  used on input line 1289.
(pdftex.def)             Requested size: 23.81503pt x 22.76228pt.

Package fancyhdr Warning: \headheight is too small (12.0pt): 
(fancyhdr)                Make it at least 27.11232pt, for example:
(fancyhdr)                \setlength{\headheight}{27.11232pt}.
(fancyhdr)                You might also make \topmargin smaller:
(fancyhdr)                \addtolength{\topmargin}{-15.11232pt}.

[44
pdfTeX warning (ext4): destination with the same identifier (name{table.10.1}) has been already used, duplicate ignored
<argument> ...shipout:D \box_use:N \l_shipout_box 
                                                  \__shipout_drop_firstpage_...
l.1289 \clearpage
                 ]

File: ../../pics/logo.png Graphic file (type png)
<use ../../pics/logo.png>
Package pdftex.def Info: ../../pics/logo.png  used on input line 1350.
(pdftex.def)             Requested size: 23.81503pt x 22.76228pt.

Package fancyhdr Warning: \headheight is too small (12.0pt): 
(fancyhdr)                Make it at least 27.11232pt, for example:
(fancyhdr)                \setlength{\headheight}{27.11232pt}.
(fancyhdr)                You might also make \topmargin smaller:
(fancyhdr)                \addtolength{\topmargin}{-15.11232pt}.

[45

]
Chapter 11.
<../../pics/gantt.png, id=933, 2376.88pt x 1838.87pt>
File: ../../pics/gantt.png Graphic file (type png)
<use ../../pics/gantt.png>
Package pdftex.def Info: ../../pics/gantt.png  used on input line 1356.
(pdftex.def)             Requested size: 469.74602pt x 363.41837pt.


[46

]

File: ../../pics/logo.png Graphic file (type png)
<use ../../pics/logo.png>
Package pdftex.def Info: ../../pics/logo.png  used on input line 1387.
(pdftex.def)             Requested size: 23.81503pt x 22.76228pt.

Package fancyhdr Warning: \headheight is too small (12.0pt): 
(fancyhdr)                Make it at least 27.11232pt, for example:
(fancyhdr)                \setlength{\headheight}{27.11232pt}.
(fancyhdr)                You might also make \topmargin smaller:
(fancyhdr)                \addtolength{\topmargin}{-15.11232pt}.

[47
pdfTeX warning (ext4): destination with the same identifier (name{figure.11.1}) has been already used, duplicate ignored
<argument> ...shipout:D \box_use:N \l_shipout_box 
                                                  \__shipout_drop_firstpage_...
l.1387   \item \textbf
                      {Dependencies}: Infrastructure Design completion <../../pics/gantt.png>]
Overfull \hbox (3.78261pt too wide) in paragraph at lines 1429--1429
[]\T1/cmr/bx/n/14.4 Phase 2: Agent Frame-work De-vel-op-ment (August--November
 []



File: ../../pics/logo.png Graphic file (type png)
<use ../../pics/logo.png>
Package pdftex.def Info: ../../pics/logo.png  used on input line 1434.
(pdftex.def)             Requested size: 23.81503pt x 22.76228pt.

Package fancyhdr Warning: \headheight is too small (12.0pt): 
(fancyhdr)                Make it at least 27.11232pt, for example:
(fancyhdr)                \setlength{\headheight}{27.11232pt}.
(fancyhdr)                You might also make \topmargin smaller:
(fancyhdr)                \addtolength{\topmargin}{-15.11232pt}.

[48]

File: ../../pics/logo.png Graphic file (type png)
<use ../../pics/logo.png>
Package pdftex.def Info: ../../pics/logo.png  used on input line 1476.
(pdftex.def)             Requested size: 23.81503pt x 22.76228pt.

Package fancyhdr Warning: \headheight is too small (12.0pt): 
(fancyhdr)                Make it at least 27.11232pt, for example:
(fancyhdr)                \setlength{\headheight}{27.11232pt}.
(fancyhdr)                You might also make \topmargin smaller:
(fancyhdr)                \addtolength{\topmargin}{-15.11232pt}.

[49]

File: ../../pics/logo.png Graphic file (type png)
<use ../../pics/logo.png>
Package pdftex.def Info: ../../pics/logo.png  used on input line 1523.
(pdftex.def)             Requested size: 23.81503pt x 22.76228pt.

Package fancyhdr Warning: \headheight is too small (12.0pt): 
(fancyhdr)                Make it at least 27.11232pt, for example:
(fancyhdr)                \setlength{\headheight}{27.11232pt}.
(fancyhdr)                You might also make \topmargin smaller:
(fancyhdr)                \addtolength{\topmargin}{-15.11232pt}.

[50]

File: ../../pics/logo.png Graphic file (type png)
<use ../../pics/logo.png>
Package pdftex.def Info: ../../pics/logo.png  used on input line 1569.
(pdftex.def)             Requested size: 23.81503pt x 22.76228pt.

Package fancyhdr Warning: \headheight is too small (12.0pt): 
(fancyhdr)                Make it at least 27.11232pt, for example:
(fancyhdr)                \setlength{\headheight}{27.11232pt}.
(fancyhdr)                You might also make \topmargin smaller:
(fancyhdr)                \addtolength{\topmargin}{-15.11232pt}.

[51]

File: ../../pics/logo.png Graphic file (type png)
<use ../../pics/logo.png>
Package pdftex.def Info: ../../pics/logo.png  used on input line 1616.
(pdftex.def)             Requested size: 23.81503pt x 22.76228pt.

Package fancyhdr Warning: \headheight is too small (12.0pt): 
(fancyhdr)                Make it at least 27.11232pt, for example:
(fancyhdr)                \setlength{\headheight}{27.11232pt}.
(fancyhdr)                You might also make \topmargin smaller:
(fancyhdr)                \addtolength{\topmargin}{-15.11232pt}.

[52]

File: ../../pics/logo.png Graphic file (type png)
<use ../../pics/logo.png>
Package pdftex.def Info: ../../pics/logo.png  used on input line 1664.
(pdftex.def)             Requested size: 23.81503pt x 22.76228pt.

Package fancyhdr Warning: \headheight is too small (12.0pt): 
(fancyhdr)                Make it at least 27.11232pt, for example:
(fancyhdr)                \setlength{\headheight}{27.11232pt}.
(fancyhdr)                You might also make \topmargin smaller:
(fancyhdr)                \addtolength{\topmargin}{-15.11232pt}.

[53]

File: ../../pics/logo.png Graphic file (type png)
<use ../../pics/logo.png>
Package pdftex.def Info: ../../pics/logo.png  used on input line 1707.
(pdftex.def)             Requested size: 23.81503pt x 22.76228pt.

Package fancyhdr Warning: \headheight is too small (12.0pt): 
(fancyhdr)                Make it at least 27.11232pt, for example:
(fancyhdr)                \setlength{\headheight}{27.11232pt}.
(fancyhdr)                You might also make \topmargin smaller:
(fancyhdr)                \addtolength{\topmargin}{-15.11232pt}.

[54]

File: ../../pics/logo.png Graphic file (type png)
<use ../../pics/logo.png>
Package pdftex.def Info: ../../pics/logo.png  used on input line 1729.
(pdftex.def)             Requested size: 23.81503pt x 22.76228pt.

Package fancyhdr Warning: \headheight is too small (12.0pt): 
(fancyhdr)                Make it at least 27.11232pt, for example:
(fancyhdr)                \setlength{\headheight}{27.11232pt}.
(fancyhdr)                You might also make \topmargin smaller:
(fancyhdr)                \addtolength{\topmargin}{-15.11232pt}.

[55]
Chapter 12.


[56

]
Appendix A.


[57

]

File: ../../pics/logo.png Graphic file (type png)
<use ../../pics/logo.png>
Package pdftex.def Info: ../../pics/logo.png  used on input line 1774.
(pdftex.def)             Requested size: 23.81503pt x 22.76228pt.

Package fancyhdr Warning: \headheight is too small (12.0pt): 
(fancyhdr)                Make it at least 27.11232pt, for example:
(fancyhdr)                \setlength{\headheight}{27.11232pt}.
(fancyhdr)                You might also make \topmargin smaller:
(fancyhdr)                \addtolength{\topmargin}{-15.11232pt}.

[58]

File: ../../pics/logo.png Graphic file (type png)
<use ../../pics/logo.png>
Package pdftex.def Info: ../../pics/logo.png  used on input line 1794.
(pdftex.def)             Requested size: 23.81503pt x 22.76228pt.

Package fancyhdr Warning: \headheight is too small (12.0pt): 
(fancyhdr)                Make it at least 27.11232pt, for example:
(fancyhdr)                \setlength{\headheight}{27.11232pt}.
(fancyhdr)                You might also make \topmargin smaller:
(fancyhdr)                \addtolength{\topmargin}{-15.11232pt}.

[59] 
enddocument/afterlastpage (AED): lastpage setting LastPage.
(./sdd.aux)
 ***********
LaTeX2e <2024-11-01> patch level 2
L3 programming layer <2025-01-18>
 ***********


LaTeX Font Warning: Size substitutions with differences
(Font)              up to 117.74374pt have occurred.

Package rerunfilecheck Info: File `sdd.out' has not changed.
(rerunfilecheck)             Checksum: 25EBFE4373D1B3F9CFBB90410BA14ACC;23020.
 ) 
Here is how much of TeX's memory you used:
 13754 strings out of 473197
 207170 string characters out of 5718605
 716031 words of memory out of 5000000
 36547 multiletter control sequences out of 15000+600000
 579498 words of font info for 87 fonts, out of 8000000 for 9000
 1141 hyphenation exceptions out of 8191
 75i,16n,79p,569b,1195s stack positions out of 10000i,1000n,20000p,200000b,200000s
</usr/share/texmf/fonts/type1/public/cm-super/sfbx1000.pfb></usr/share/texmf/fonts/type1/public/cm-super/sfbx1200.pfb></usr/share/texmf/fonts/type1/public/cm-super/sfbx1440.pfb></usr/share/texmf/fonts/type1/public/cm-super/sfbx1728.pfb></usr/share/texmf/fonts/type1/public/cm-super/sfbx2488.pfb></usr/share/texmf/fonts/type1/public/cm-super/sfrm0600.pfb></usr/share/texmf/fonts/type1/public/cm-super/sfrm1000.pfb></usr/share/texmf/fonts/type1/public/cm-super/sfrm1095.pfb></usr/share/texmf/fonts/type1/public/cm-super/sfrm1200.pfb></usr/share/texmf/fonts/type1/public/cm-super/sfrm1440.pfb></usr/share/texmf/fonts/type1/public/cm-super/sfrm1728.pfb></usr/share/texmf/fonts/type1/public/cm-super/sfrm3583.pfb></usr/share/texmf/fonts/type1/public/cm-super/sfti1200.pfb></usr/share/texmf/fonts/type1/public/cm-super/sftt1095.pfb></usr/share/texmf/fonts/type1/public/cm-super/sftt1200.pfb>
Output written on sdd.pdf (60 pages, 1255958 bytes).
PDF statistics:
 1153 PDF objects out of 1200 (max. 8388607)
 1037 compressed objects within 11 object streams
 268 named destinations out of 1000 (max. 500000)
 1011 words of extra memory for PDF output out of 10000 (max. 10000000)

