\BOOKMARK [0][-]{chapter.1}{\376\377\000I\000n\000t\000r\000o\000d\000u\000c\000t\000i\000o\000n}{}% 1
\BOOKMARK [1][-]{section.1.1}{\376\377\000P\000u\000r\000p\000o\000s\000e}{chapter.1}% 2
\BOOKMARK [1][-]{section.1.2}{\376\377\000S\000c\000o\000p\000e}{chapter.1}% 3
\BOOKMARK [0][-]{chapter.2}{\376\377\000O\000v\000e\000r\000a\000l\000l\000\040\000A\000r\000c\000h\000i\000t\000e\000c\000t\000u\000r\000e}{}% 4
\BOOKMARK [1][-]{section.2.1}{\376\377\000M\000o\000d\000u\000l\000e\000\040\000O\000v\000e\000r\000v\000i\000e\000w}{chapter.2}% 5
\BOOKMARK [1][-]{section.2.2}{\376\377\000S\000y\000s\000t\000e\000m\000\040\000F\000l\000o\000w\000\040\000A\000r\000c\000h\000i\000t\000e\000c\000t\000u\000r\000e}{chapter.2}% 6
\BOOKMARK [2][-]{subsection.2.2.1}{\376\377\000S\000y\000s\000t\000e\000m\000\040\000C\000o\000m\000p\000o\000n\000e\000n\000t\000s\000\040\000O\000v\000e\000r\000v\000i\000e\000w}{section.2.2}% 7
\BOOKMARK [0][-]{chapter.3}{\376\377\000C\000o\000m\000p\000l\000i\000a\000n\000c\000e\000\040\000A\000g\000e\000n\000t}{}% 8
\BOOKMARK [1][-]{section.3.1}{\376\377\000F\000u\000n\000c\000t\000i\000o\000n}{chapter.3}% 9
\BOOKMARK [1][-]{section.3.2}{\376\377\000S\000c\000o\000p\000e\000\040\000a\000n\000d\000\040\000B\000o\000u\000n\000d\000a\000r\000i\000e\000s}{chapter.3}% 10
\BOOKMARK [2][-]{subsection.3.2.1}{\376\377\000A\000I\000\040\000L\000a\000y\000e\000r\000\040\000S\000c\000o\000p\000e\000\040\000\050\000I\000n\000-\000S\000c\000o\000p\000e\000\051}{section.3.2}% 11
\BOOKMARK [2][-]{subsection.3.2.2}{\376\377\000E\000x\000t\000e\000r\000n\000a\000l\000\040\000D\000e\000p\000e\000n\000d\000e\000n\000c\000i\000e\000s\000\040\000\050\000O\000u\000t\000-\000o\000f\000-\000S\000c\000o\000p\000e\000\051}{section.3.2}% 12
\BOOKMARK [2][-]{subsection.3.2.3}{\376\377\000I\000n\000t\000e\000g\000r\000a\000t\000i\000o\000n\000\040\000B\000o\000u\000n\000d\000a\000r\000i\000e\000s}{section.3.2}% 13
\BOOKMARK [1][-]{section.3.3}{\376\377\000A\000r\000c\000h\000i\000t\000e\000c\000t\000u\000r\000e\000\040\000C\000o\000m\000p\000o\000n\000e\000n\000t\000s}{chapter.3}% 14
\BOOKMARK [2][-]{subsection.3.3.1}{\376\377\000A\000I\000\040\000L\000a\000y\000e\000r\000\040\000C\000o\000m\000p\000o\000n\000e\000n\000t\000s\000\040\000\050\000C\000o\000m\000p\000l\000i\000a\000n\000c\000e\000\040\000A\000g\000e\000n\000t\000\040\000S\000c\000o\000p\000e\000\051}{section.3.3}% 15
\BOOKMARK [2][-]{subsection.3.3.2}{\376\377\000E\000x\000t\000e\000r\000n\000a\000l\000\040\000L\000a\000y\000e\000r\000\040\000D\000e\000p\000e\000n\000d\000e\000n\000c\000i\000e\000s\000\040\000\050\000O\000u\000t\000s\000i\000d\000e\000\040\000A\000I\000\040\000A\000g\000e\000n\000t\000\040\000S\000c\000o\000p\000e\000\051}{section.3.3}% 16
\BOOKMARK [1][-]{section.3.4}{\376\377\000E\000r\000r\000o\000r\000\040\000H\000a\000n\000d\000l\000i\000n\000g\000\040\000a\000n\000d\000\040\000F\000a\000l\000l\000b\000a\000c\000k\000s}{chapter.3}% 17
\BOOKMARK [1][-]{section.3.5}{\376\377\000P\000e\000r\000f\000o\000r\000m\000a\000n\000c\000e\000\040\000a\000n\000d\000\040\000S\000L\000A\000\040\000T\000a\000r\000g\000e\000t\000s}{chapter.3}% 18
\BOOKMARK [1][-]{section.3.6}{\376\377\000C\000o\000m\000p\000l\000i\000a\000n\000c\000e\000\040\000A\000g\000e\000n\000t\000\040\000A\000P\000I\000\040\000S\000p\000e\000c\000i\000f\000i\000c\000a\000t\000i\000o\000n}{chapter.3}% 19
\BOOKMARK [1][-]{section.3.7}{\376\377\000U\000s\000e\000\040\000C\000a\000s\000e}{chapter.3}% 20
\BOOKMARK [0][-]{chapter.4}{\376\377\000D\000o\000c\000u\000m\000e\000n\000t\000\040\000G\000e\000n\000e\000r\000a\000t\000i\000o\000n\000\040\000A\000g\000e\000n\000t}{}% 21
\BOOKMARK [1][-]{section.4.1}{\376\377\000F\000u\000n\000c\000t\000i\000o\000n}{chapter.4}% 22
\BOOKMARK [1][-]{section.4.2}{\376\377\000S\000c\000o\000p\000e\000\040\000a\000n\000d\000\040\000B\000o\000u\000n\000d\000a\000r\000i\000e\000s}{chapter.4}% 23
\BOOKMARK [2][-]{subsection.4.2.1}{\376\377\000A\000I\000\040\000L\000a\000y\000e\000r\000\040\000S\000c\000o\000p\000e\000\040\000\050\000I\000n\000-\000S\000c\000o\000p\000e\000\051}{section.4.2}% 24
\BOOKMARK [2][-]{subsection.4.2.2}{\376\377\000E\000x\000t\000e\000r\000n\000a\000l\000\040\000D\000e\000p\000e\000n\000d\000e\000n\000c\000i\000e\000s\000\040\000\050\000O\000u\000t\000-\000o\000f\000-\000S\000c\000o\000p\000e\000\051}{section.4.2}% 25
\BOOKMARK [2][-]{subsection.4.2.3}{\376\377\000I\000n\000t\000e\000g\000r\000a\000t\000i\000o\000n\000\040\000B\000o\000u\000n\000d\000a\000r\000i\000e\000s}{section.4.2}% 26
\BOOKMARK [1][-]{section.4.3}{\376\377\000A\000r\000c\000h\000i\000t\000e\000c\000t\000u\000r\000e\000\040\000C\000o\000m\000p\000o\000n\000e\000n\000t\000s}{chapter.4}% 27
\BOOKMARK [2][-]{subsection.4.3.1}{\376\377\000A\000I\000\040\000L\000a\000y\000e\000r\000\040\000C\000o\000m\000p\000o\000n\000e\000n\000t\000s\000\040\000\050\000D\000o\000c\000u\000m\000e\000n\000t\000\040\000G\000e\000n\000e\000r\000a\000t\000i\000o\000n\000\040\000A\000g\000e\000n\000t\000\040\000S\000c\000o\000p\000e\000\051}{section.4.3}% 28
\BOOKMARK [2][-]{subsection.4.3.2}{\376\377\000E\000x\000t\000e\000r\000n\000a\000l\000\040\000L\000a\000y\000e\000r\000\040\000D\000e\000p\000e\000n\000d\000e\000n\000c\000i\000e\000s\000\040\000\050\000O\000u\000t\000s\000i\000d\000e\000\040\000A\000I\000\040\000A\000g\000e\000n\000t\000\040\000S\000c\000o\000p\000e\000\051}{section.4.3}% 29
\BOOKMARK [1][-]{section.4.4}{\376\377\000T\000e\000m\000p\000l\000a\000t\000e\000\040\000V\000e\000r\000s\000i\000o\000n\000i\000n\000g}{chapter.4}% 30
\BOOKMARK [1][-]{section.4.5}{\376\377\000S\000a\000m\000p\000l\000e\000\040\000T\000e\000m\000p\000l\000a\000t\000e\000\040\000S\000n\000i\000p\000p\000e\000t}{chapter.4}% 31
\BOOKMARK [1][-]{section.4.6}{\376\377\000D\000o\000c\000u\000m\000e\000n\000t\000\040\000G\000e\000n\000e\000r\000a\000t\000i\000o\000n\000\040\000A\000g\000e\000n\000t}{chapter.4}% 32
\BOOKMARK [1][-]{section.4.7}{\376\377\000U\000s\000e\000\040\000C\000a\000s\000e}{chapter.4}% 33
\BOOKMARK [0][-]{chapter.5}{\376\377\000D\000i\000a\000g\000r\000a\000m\000\040\000P\000a\000r\000s\000i\000n\000g\000\040\000A\000g\000e\000n\000t}{}% 34
\BOOKMARK [1][-]{section.5.1}{\376\377\000F\000u\000n\000c\000t\000i\000o\000n}{chapter.5}% 35
\BOOKMARK [1][-]{section.5.2}{\376\377\000S\000c\000o\000p\000e\000\040\000a\000n\000d\000\040\000B\000o\000u\000n\000d\000a\000r\000i\000e\000s}{chapter.5}% 36
\BOOKMARK [2][-]{subsection.5.2.1}{\376\377\000D\000i\000a\000g\000r\000a\000m\000\040\000P\000a\000r\000s\000i\000n\000g\000\040\000A\000g\000e\000n\000t\000\040\000S\000c\000o\000p\000e\000\040\000\050\000I\000n\000-\000S\000c\000o\000p\000e\000\051}{section.5.2}% 37
\BOOKMARK [2][-]{subsection.5.2.2}{\376\377\000E\000x\000t\000e\000r\000n\000a\000l\000\040\000D\000e\000p\000e\000n\000d\000e\000n\000c\000i\000e\000s\000\040\000\050\000O\000u\000t\000-\000o\000f\000-\000S\000c\000o\000p\000e\000\051}{section.5.2}% 38
\BOOKMARK [2][-]{subsection.5.2.3}{\376\377\000T\000e\000c\000h\000n\000i\000c\000a\000l\000\040\000L\000i\000m\000i\000t\000a\000t\000i\000o\000n\000s}{section.5.2}% 39
\BOOKMARK [1][-]{section.5.3}{\376\377\000A\000r\000c\000h\000i\000t\000e\000c\000t\000u\000r\000e\000\040\000C\000o\000m\000p\000o\000n\000e\000n\000t\000s}{chapter.5}% 40
\BOOKMARK [2][-]{subsection.5.3.1}{\376\377\000C\000o\000r\000e\000\040\000P\000r\000o\000c\000e\000s\000s\000i\000n\000g\000\040\000C\000o\000m\000p\000o\000n\000e\000n\000t\000s}{section.5.3}% 41
\BOOKMARK [2][-]{subsection.5.3.2}{\376\377\000O\000u\000t\000p\000u\000t\000\040\000G\000e\000n\000e\000r\000a\000t\000i\000o\000n\000\040\000C\000o\000m\000p\000o\000n\000e\000n\000t\000s}{section.5.3}% 42
\BOOKMARK [1][-]{section.5.4}{\376\377\000D\000i\000a\000g\000r\000a\000m\000\040\000P\000a\000r\000s\000i\000n\000g\000\040\000A\000g\000e\000n\000t}{chapter.5}% 43
\BOOKMARK [1][-]{section.5.5}{\376\377\000U\000s\000e\000\040\000C\000a\000s\000e}{chapter.5}% 44
\BOOKMARK [0][-]{chapter.6}{\376\377\000E\000m\000a\000i\000l\000\040\000A\000g\000e\000n\000t}{}% 45
\BOOKMARK [1][-]{section.6.1}{\376\377\000F\000u\000n\000c\000t\000i\000o\000n}{chapter.6}% 46
\BOOKMARK [1][-]{section.6.2}{\376\377\000S\000c\000o\000p\000e\000\040\000a\000n\000d\000\040\000B\000o\000u\000n\000d\000a\000r\000i\000e\000s}{chapter.6}% 47
\BOOKMARK [2][-]{subsection.6.2.1}{\376\377\000A\000I\000\040\000L\000a\000y\000e\000r\000\040\000S\000c\000o\000p\000e\000\040\000\050\000I\000n\000-\000S\000c\000o\000p\000e\000\051}{section.6.2}% 48
\BOOKMARK [2][-]{subsection.6.2.2}{\376\377\000E\000x\000t\000e\000r\000n\000a\000l\000\040\000D\000e\000p\000e\000n\000d\000e\000n\000c\000i\000e\000s\000\040\000\050\000O\000u\000t\000-\000o\000f\000-\000S\000c\000o\000p\000e\000\051}{section.6.2}% 49
\BOOKMARK [2][-]{subsection.6.2.3}{\376\377\000I\000n\000t\000e\000g\000r\000a\000t\000i\000o\000n\000\040\000B\000o\000u\000n\000d\000a\000r\000i\000e\000s}{section.6.2}% 50
\BOOKMARK [1][-]{section.6.3}{\376\377\000A\000r\000c\000h\000i\000t\000e\000c\000t\000u\000r\000e\000\040\000C\000o\000m\000p\000o\000n\000e\000n\000t\000s}{chapter.6}% 51
\BOOKMARK [2][-]{subsection.6.3.1}{\376\377\000A\000I\000\040\000L\000a\000y\000e\000r\000\040\000C\000o\000m\000p\000o\000n\000e\000n\000t\000s\000\040\000\050\000E\000m\000a\000i\000l\000\040\000A\000g\000e\000n\000t\000\040\000S\000c\000o\000p\000e\000\051}{section.6.3}% 52
\BOOKMARK [2][-]{subsection.6.3.2}{\376\377\000E\000x\000t\000e\000r\000n\000a\000l\000\040\000L\000a\000y\000e\000r\000\040\000D\000e\000p\000e\000n\000d\000e\000n\000c\000i\000e\000s\000\040\000\050\000O\000u\000t\000s\000i\000d\000e\000\040\000A\000I\000\040\000A\000g\000e\000n\000t\000\040\000S\000c\000o\000p\000e\000\051}{section.6.3}% 53
\BOOKMARK [1][-]{section.6.4}{\376\377\000E\000m\000a\000i\000l\000\040\000A\000g\000e\000n\000t}{chapter.6}% 54
\BOOKMARK [1][-]{section.6.5}{\376\377\000U\000s\000e\000\040\000C\000a\000s\000e}{chapter.6}% 55
\BOOKMARK [0][-]{chapter.7}{\376\377\000E\000R\000P\000-\000C\000h\000a\000t\000\040\000A\000g\000e\000n\000t}{}% 56
\BOOKMARK [1][-]{section.7.1}{\376\377\000F\000u\000n\000c\000t\000i\000o\000n}{chapter.7}% 57
\BOOKMARK [1][-]{section.7.2}{\376\377\000S\000c\000o\000p\000e\000\040\000a\000n\000d\000\040\000B\000o\000u\000n\000d\000a\000r\000i\000e\000s}{chapter.7}% 58
\BOOKMARK [2][-]{subsection.7.2.1}{\376\377\000A\000I\000\040\000L\000a\000y\000e\000r\000\040\000S\000c\000o\000p\000e\000\040\000\050\000I\000n\000-\000S\000c\000o\000p\000e\000\051}{section.7.2}% 59
\BOOKMARK [2][-]{subsection.7.2.2}{\376\377\000E\000x\000t\000e\000r\000n\000a\000l\000\040\000D\000e\000p\000e\000n\000d\000e\000n\000c\000i\000e\000s\000\040\000\050\000O\000u\000t\000-\000o\000f\000-\000S\000c\000o\000p\000e\000\051}{section.7.2}% 60
\BOOKMARK [2][-]{subsection.7.2.3}{\376\377\000I\000n\000t\000e\000g\000r\000a\000t\000i\000o\000n\000\040\000B\000o\000u\000n\000d\000a\000r\000i\000e\000s}{section.7.2}% 61
\BOOKMARK [1][-]{section.7.3}{\376\377\000A\000r\000c\000h\000i\000t\000e\000c\000t\000u\000r\000e\000\040\000C\000o\000m\000p\000o\000n\000e\000n\000t\000s}{chapter.7}% 62
\BOOKMARK [2][-]{subsection.7.3.1}{\376\377\000A\000I\000\040\000L\000a\000y\000e\000r\000\040\000C\000o\000m\000p\000o\000n\000e\000n\000t\000s\000\040\000\050\000E\000R\000P\000-\000C\000h\000a\000t\000\040\000A\000g\000e\000n\000t\000\040\000S\000c\000o\000p\000e\000\051}{section.7.3}% 63
\BOOKMARK [2][-]{subsection.7.3.2}{\376\377\000E\000x\000t\000e\000r\000n\000a\000l\000\040\000L\000a\000y\000e\000r\000\040\000D\000e\000p\000e\000n\000d\000e\000n\000c\000i\000e\000s\000\040\000\050\000O\000u\000t\000s\000i\000d\000e\000\040\000A\000I\000\040\000A\000g\000e\000n\000t\000\040\000S\000c\000o\000p\000e\000\051}{section.7.3}% 64
\BOOKMARK [1][-]{section.7.4}{\376\377\000E\000R\000P\000\040\000A\000c\000t\000i\000o\000n\000\040\000A\000g\000e\000n\000t}{chapter.7}% 65
\BOOKMARK [1][-]{section.7.5}{\376\377\000U\000s\000e\000\040\000C\000a\000s\000e}{chapter.7}% 66
\BOOKMARK [0][-]{chapter.8}{\376\377\000S\000h\000a\000r\000e\000d\000\040\000S\000e\000r\000v\000i\000c\000e\000s\000\040\000a\000n\000d\000\040\000I\000n\000f\000r\000a\000s\000t\000r\000u\000c\000t\000u\000r\000e}{}% 67
\BOOKMARK [1][-]{section.8.1}{\376\377\000I\000n\000f\000r\000a\000s\000t\000r\000u\000c\000t\000u\000r\000e\000\040\000A\000r\000c\000h\000i\000t\000e\000c\000t\000u\000r\000e\000\040\000O\000v\000e\000r\000v\000i\000e\000w}{chapter.8}% 68
\BOOKMARK [1][-]{section.8.2}{\376\377\000K\000u\000b\000e\000r\000n\000e\000t\000e\000s\000\040\000A\000r\000c\000h\000i\000t\000e\000c\000t\000u\000r\000e}{chapter.8}% 69
\BOOKMARK [2][-]{subsection.8.2.1}{\376\377\000N\000e\000t\000w\000o\000r\000k\000\040\000a\000n\000d\000\040\000I\000n\000g\000r\000e\000s\000s\000\040\000L\000a\000y\000e\000r}{section.8.2}% 70
\BOOKMARK [2][-]{subsection.8.2.2}{\376\377\000C\000o\000n\000t\000r\000o\000l\000\040\000P\000l\000a\000n\000e\000\040\000C\000o\000n\000f\000i\000g\000u\000r\000a\000t\000i\000o\000n}{section.8.2}% 71
\BOOKMARK [2][-]{subsection.8.2.3}{\376\377\000W\000o\000r\000k\000e\000r\000\040\000N\000o\000d\000e\000\040\000S\000p\000e\000c\000i\000a\000l\000i\000z\000a\000t\000i\000o\000n}{section.8.2}% 72
\BOOKMARK [1][-]{section.8.3}{\376\377\000M\000i\000c\000r\000o\000s\000e\000r\000v\000i\000c\000e\000s\000\040\000A\000r\000c\000h\000i\000t\000e\000c\000t\000u\000r\000e\000\040\000B\000e\000n\000e\000f\000i\000t\000s}{chapter.8}% 73
\BOOKMARK [2][-]{subsection.8.3.1}{\376\377\000S\000c\000a\000l\000a\000b\000i\000l\000i\000t\000y\000\040\000a\000n\000d\000\040\000P\000e\000r\000f\000o\000r\000m\000a\000n\000c\000e}{section.8.3}% 74
\BOOKMARK [2][-]{subsection.8.3.2}{\376\377\000D\000e\000v\000e\000l\000o\000p\000m\000e\000n\000t\000\040\000a\000n\000d\000\040\000D\000e\000p\000l\000o\000y\000m\000e\000n\000t\000\040\000A\000g\000i\000l\000i\000t\000y}{section.8.3}% 75
\BOOKMARK [2][-]{subsection.8.3.3}{\376\377\000F\000a\000u\000l\000t\000\040\000I\000s\000o\000l\000a\000t\000i\000o\000n\000\040\000a\000n\000d\000\040\000R\000e\000s\000i\000l\000i\000e\000n\000c\000e}{section.8.3}% 76
\BOOKMARK [2][-]{subsection.8.3.4}{\376\377\000M\000a\000i\000n\000t\000a\000i\000n\000a\000b\000i\000l\000i\000t\000y\000\040\000a\000n\000d\000\040\000T\000e\000s\000t\000i\000n\000g}{section.8.3}% 77
\BOOKMARK [1][-]{section.8.4}{\376\377\000I\000n\000f\000r\000a\000s\000t\000r\000u\000c\000t\000u\000r\000e\000\040\000a\000s\000\040\000C\000o\000d\000e\000\040\000\050\000I\000a\000C\000\051\000\040\000I\000m\000p\000l\000e\000m\000e\000n\000t\000a\000t\000i\000o\000n}{chapter.8}% 78
\BOOKMARK [2][-]{subsection.8.4.1}{\376\377\000I\000a\000C\000\040\000A\000d\000v\000a\000n\000t\000a\000g\000e\000s\000\040\000a\000n\000d\000\040\000B\000e\000n\000e\000f\000i\000t\000s}{section.8.4}% 79
\BOOKMARK [2][-]{subsection.8.4.2}{\376\377\000I\000a\000C\000\040\000T\000e\000c\000h\000n\000o\000l\000o\000g\000y\000\040\000S\000t\000a\000c\000k}{section.8.4}% 80
\BOOKMARK [2][-]{subsection.8.4.3}{\376\377\000I\000a\000C\000\040\000I\000m\000p\000l\000e\000m\000e\000n\000t\000a\000t\000i\000o\000n\000\040\000S\000t\000r\000a\000t\000e\000g\000y}{section.8.4}% 81
\BOOKMARK [1][-]{section.8.5}{\376\377\000C\000o\000r\000e\000\040\000I\000n\000f\000r\000a\000s\000t\000r\000u\000c\000t\000u\000r\000e\000\040\000S\000e\000r\000v\000i\000c\000e\000s}{chapter.8}% 82
\BOOKMARK [2][-]{subsection.8.5.1}{\376\377\000L\000L\000M\000\040\000R\000u\000n\000t\000i\000m\000e}{section.8.5}% 83
\BOOKMARK [2][-]{subsection.8.5.2}{\376\377\000E\000m\000b\000e\000d\000d\000i\000n\000g\000\040\000S\000e\000r\000v\000i\000c\000e\000\040\000a\000n\000d\000\040\000V\000e\000c\000t\000o\000r\000\040\000D\000a\000t\000a\000b\000a\000s\000e}{section.8.5}% 84
\BOOKMARK [2][-]{subsection.8.5.3}{\376\377\000K\000n\000o\000w\000l\000e\000d\000g\000e\000\040\000B\000a\000s\000e}{section.8.5}% 85
\BOOKMARK [2][-]{subsection.8.5.4}{\376\377\000M\000e\000s\000s\000a\000g\000e\000\040\000Q\000u\000e\000u\000e}{section.8.5}% 86
\BOOKMARK [2][-]{subsection.8.5.5}{\376\377\000O\000b\000s\000e\000r\000v\000a\000b\000i\000l\000i\000t\000y\000\040\000a\000n\000d\000\040\000M\000o\000n\000i\000t\000o\000r\000i\000n\000g}{section.8.5}% 87
\BOOKMARK [1][-]{section.8.6}{\376\377\000S\000e\000c\000u\000r\000i\000t\000y\000\040\000a\000n\000d\000\040\000C\000o\000m\000p\000l\000i\000a\000n\000c\000e}{chapter.8}% 88
\BOOKMARK [2][-]{subsection.8.6.1}{\376\377\000C\000o\000n\000t\000a\000i\000n\000e\000r\000\040\000S\000e\000c\000u\000r\000i\000t\000y}{section.8.6}% 89
\BOOKMARK [2][-]{subsection.8.6.2}{\376\377\000A\000u\000t\000h\000e\000n\000t\000i\000c\000a\000t\000i\000o\000n\000\040\000a\000n\000d\000\040\000A\000u\000t\000h\000o\000r\000i\000z\000a\000t\000i\000o\000n}{section.8.6}% 90
\BOOKMARK [1][-]{section.8.7}{\376\377\000O\000p\000e\000r\000a\000t\000i\000o\000n\000a\000l\000\040\000E\000x\000c\000e\000l\000l\000e\000n\000c\000e}{chapter.8}% 91
\BOOKMARK [2][-]{subsection.8.7.1}{\376\377\000D\000e\000p\000l\000o\000y\000m\000e\000n\000t\000\040\000S\000t\000r\000a\000t\000e\000g\000y}{section.8.7}% 92
\BOOKMARK [2][-]{subsection.8.7.2}{\376\377\000B\000a\000c\000k\000u\000p\000\040\000a\000n\000d\000\040\000D\000i\000s\000a\000s\000t\000e\000r\000\040\000R\000e\000c\000o\000v\000e\000r\000y}{section.8.7}% 93
\BOOKMARK [0][-]{chapter.9}{\376\377\000D\000e\000p\000l\000o\000y\000m\000e\000n\000t\000\040\000a\000n\000d\000\040\000O\000p\000e\000r\000a\000t\000i\000o\000n\000s}{}% 94
\BOOKMARK [1][-]{section.9.1}{\376\377\000D\000e\000p\000l\000o\000y\000m\000e\000n\000t\000\040\000S\000t\000r\000a\000t\000e\000g\000y}{chapter.9}% 95
\BOOKMARK [2][-]{subsection.9.1.1}{\376\377\000C\000I\000/\000C\000D\000\040\000P\000i\000p\000e\000l\000i\000n\000e\000\040\000S\000t\000a\000g\000e\000s}{section.9.1}% 96
\BOOKMARK [1][-]{section.9.2}{\376\377\000O\000p\000e\000r\000a\000t\000i\000o\000n\000a\000l\000\040\000M\000o\000n\000i\000t\000o\000r\000i\000n\000g}{chapter.9}% 97
\BOOKMARK [1][-]{section.9.3}{\376\377\000I\000n\000c\000i\000d\000e\000n\000t\000\040\000M\000a\000n\000a\000g\000e\000m\000e\000n\000t}{chapter.9}% 98
\BOOKMARK [1][-]{section.9.4}{\376\377\000B\000a\000c\000k\000u\000p\000\040\000a\000n\000d\000\040\000D\000i\000s\000a\000s\000t\000e\000r\000\040\000R\000e\000c\000o\000v\000e\000r\000y}{chapter.9}% 99
\BOOKMARK [1][-]{section.9.5}{\376\377\000S\000e\000c\000u\000r\000i\000t\000y\000\040\000a\000n\000d\000\040\000C\000o\000m\000p\000l\000i\000a\000n\000c\000e}{chapter.9}% 100
\BOOKMARK [0][-]{chapter.10}{\376\377\000H\000a\000r\000d\000w\000a\000r\000e\000\040\000a\000n\000d\000\040\000S\000o\000f\000t\000w\000a\000r\000e\000\040\000R\000e\000q\000u\000i\000r\000e\000m\000e\000n\000t\000s}{}% 101
\BOOKMARK [1][-]{section.10.1}{\376\377\000H\000a\000r\000d\000w\000a\000r\000e\000\040\000R\000e\000q\000u\000i\000r\000e\000m\000e\000n\000t\000s}{chapter.10}% 102
\BOOKMARK [2][-]{subsection.10.1.1}{\376\377\000V\000M\000\040\000D\000i\000s\000t\000r\000i\000b\000u\000t\000i\000o\000n\000\040\000S\000t\000r\000a\000t\000e\000g\000y}{section.10.1}% 103
\BOOKMARK [1][-]{section.10.2}{\376\377\000S\000e\000r\000v\000e\000r\000\040\000S\000p\000e\000c\000i\000f\000i\000c\000a\000t\000i\000o\000n\000s\000\040\000a\000n\000d\000\040\000E\000x\000p\000e\000c\000t\000e\000d\000\040\000P\000r\000i\000c\000i\000n\000g}{chapter.10}% 104
\BOOKMARK [1][-]{section.10.3}{\376\377\000S\000o\000f\000t\000w\000a\000r\000e\000\040\000R\000e\000q\000u\000i\000r\000e\000m\000e\000n\000t\000s}{chapter.10}% 105
\BOOKMARK [0][-]{chapter.11}{\376\377\000I\000m\000p\000l\000e\000m\000e\000n\000t\000a\000t\000i\000o\000n\000\040\000P\000l\000a\000n}{}% 106
\BOOKMARK [1][-]{section.11.1}{\376\377\000P\000r\000o\000j\000e\000c\000t\000\040\000O\000v\000e\000r\000v\000i\000e\000w\000\040\000a\000n\000d\000\040\000T\000i\000m\000e\000l\000i\000n\000e}{chapter.11}% 107
\BOOKMARK [1][-]{section.11.2}{\376\377\000D\000e\000v\000e\000l\000o\000p\000m\000e\000n\000t\000\040\000P\000h\000a\000s\000e\000s}{chapter.11}% 108
\BOOKMARK [2][-]{subsection.11.2.1}{\376\377\000P\000h\000a\000s\000e\000\040\0001\000:\000\040\000I\000n\000f\000r\000a\000s\000t\000r\000u\000c\000t\000u\000r\000e\000\040\000F\000o\000u\000n\000d\000a\000t\000i\000o\000n\000\040\000\050\000J\000u\000l\000y\000\040\000S\000e\000p\000t\000e\000m\000b\000e\000r\000\040\0002\0000\0002\0005\000\051}{section.11.2}% 109
\BOOKMARK [2][-]{subsection.11.2.2}{\376\377\000P\000h\000a\000s\000e\000\040\0002\000:\000\040\000A\000g\000e\000n\000t\000\040\000F\000r\000a\000m\000e\000w\000o\000r\000k\000\040\000D\000e\000v\000e\000l\000o\000p\000m\000e\000n\000t\000\040\000\050\000A\000u\000g\000u\000s\000t\040\023\000N\000o\000v\000e\000m\000b\000e\000r\000\040\0002\0000\0002\0005\000\051}{section.11.2}% 110
\BOOKMARK [2][-]{subsection.11.2.3}{\376\377\000P\000h\000a\000s\000e\000\040\0003\000:\000\040\000S\000p\000e\000c\000i\000a\000l\000i\000z\000e\000d\000\040\000A\000g\000e\000n\000t\000\040\000D\000e\000v\000e\000l\000o\000p\000m\000e\000n\000t\000\040\000\050\000A\000u\000g\000u\000s\000t\000\040\0002\0000\0002\0005\040\023\000M\000a\000r\000c\000h\000\040\0002\0000\0002\0006\000\051}{section.11.2}% 111
\BOOKMARK [2][-]{subsection.11.2.4}{\376\377\000P\000h\000a\000s\000e\000\040\0004\000:\000\040\000I\000n\000t\000e\000g\000r\000a\000t\000i\000o\000n\000\040\000a\000n\000d\000\040\000Q\000u\000a\000l\000i\000t\000y\000\040\000A\000s\000s\000u\000r\000a\000n\000c\000e\000\040\000\050\000M\000a\000r\000c\000h\000\040\0002\0000\0002\0006\040\023\000O\000c\000t\000o\000b\000e\000r\000\040\0002\0000\0002\0006\000\051}{section.11.2}% 112
\BOOKMARK [1][-]{section.11.3}{\376\377\000R\000i\000s\000k\000\040\000M\000i\000t\000i\000g\000a\000t\000i\000o\000n\000\040\000a\000n\000d\000\040\000C\000o\000n\000t\000i\000n\000g\000e\000n\000c\000y\000\040\000P\000l\000a\000n\000n\000i\000n\000g}{chapter.11}% 113
\BOOKMARK [2][-]{subsection.11.3.1}{\376\377\000T\000e\000c\000h\000n\000i\000c\000a\000l\000\040\000R\000i\000s\000k\000s}{section.11.3}% 114
\BOOKMARK [2][-]{subsection.11.3.2}{\376\377\000S\000c\000h\000e\000d\000u\000l\000e\000\040\000R\000i\000s\000k\000s}{section.11.3}% 115
\BOOKMARK [1][-]{section.11.4}{\376\377\000S\000u\000c\000c\000e\000s\000s\000\040\000M\000e\000t\000r\000i\000c\000s\000\040\000a\000n\000d\000\040\000D\000e\000l\000i\000v\000e\000r\000a\000b\000l\000e\000s}{chapter.11}% 116
\BOOKMARK [2][-]{subsection.11.4.1}{\376\377\000P\000h\000a\000s\000e\000\040\000G\000a\000t\000e\000\040\000C\000r\000i\000t\000e\000r\000i\000a}{section.11.4}% 117
\BOOKMARK [2][-]{subsection.11.4.2}{\376\377\000F\000i\000n\000a\000l\000\040\000D\000e\000l\000i\000v\000e\000r\000a\000b\000l\000e\000s}{section.11.4}% 118
\BOOKMARK [0][-]{chapter.12}{\376\377\000C\000o\000n\000c\000l\000u\000s\000i\000o\000n}{}% 119
\BOOKMARK [0][-]{appendix.A}{\376\377\000G\000l\000o\000s\000s\000a\000r\000y}{}% 120
